[Monday 12 May 2025 04:37:26 PM IST] Viewed only medicine names
[Monday 12 May 2025 04:37:31 PM IST] Searched medicine: p
[Monday 12 May 2025 04:37:36 PM IST] Viewed low stock medicines
[Monday 12 May 2025 04:37:47 PM IST] Checked expiry – expired or expiring soon medicines shown
[Monday 12 May 2025 04:38:17 PM IST] Added medicine: Dolo at ₹ 78 with 9 packets
[Monday 12 May 2025 04:38:40 PM IST] Modified Dolo to DOLO at ₹ 87 with 8 packets
[Monday 12 May 2025 04:38:47 PM IST] Checked expiry – expired or expiring soon medicines shown
[Monday 12 May 2025 04:38:56 PM IST] Deleted medicine: DOLO
[Monday 12 May 2025 04:39:02 PM IST] Viewed only medicine names
[Monday 12 May 2025 04:39:29 PM IST] Generated bill with total ₹400
[Monday 12 May 2025 04:39:32 PM IST] Exited Pharmacy Billing System
[Monday 12 May 2025 04:45:28 PM IST] Generated bill with GST 3%
[Monday 12 May 2025 04:45:33 PM IST] Exited Pharmacy Billing System
[Monday 12 May 2025 04:50:06 PM IST] Generated bill with total ₹80
[Monday 12 May 2025 04:50:11 PM IST] Exited Pharmacy Billing System
[Monday 12 May 2025 04:55:28 PM IST] Generated bill with total ₹0
[Monday 12 May 2025 04:55:32 PM IST] Exited Pharmacy Billing System
[Monday 12 May 2025 04:59:11 PM IST] Generated bill with total ₹200
[Monday 12 May 2025 04:59:15 PM IST] Exited Pharmacy Billing System
[Monday 12 May 2025 05:04:33 PM IST] Generated bill with total ₹150
[Monday 12 May 2025 05:05:01 PM IST] Generated bill with total ₹520
[Monday 12 May 2025 05:05:06 PM IST] Exited Pharmacy Billing System
[Monday 12 May 2025 05:14:39 PM IST] Viewed only medicine names
[Monday 12 May 2025 05:14:44 PM IST] Searched medicine: o
[Monday 12 May 2025 05:14:53 PM IST] Viewed low stock medicines
[Monday 12 May 2025 05:14:59 PM IST] Checked expiry – expired or expiring soon medicines shown
[Monday 12 May 2025 05:15:27 PM IST] Checked expiry – expired or expiring soon medicines shown
[Monday 12 May 2025 05:20:03 PM IST] Generated bill with total ₹300
[Monday 12 May 2025 05:20:07 PM IST] Exited Pharmacy Billing System
[Monday 12 May 2025 05:20:49 PM IST] Generated bill with total ₹280
[Monday 12 May 2025 05:21:06 PM IST] Checked expiry – expired or expiring soon medicines shown
[Monday 12 May 2025 05:21:09 PM IST] Viewed low stock medicines
[Monday 12 May 2025 05:21:19 PM IST] Viewed only medicine names
[Monday 12 May 2025 05:21:23 PM IST] Exited Pharmacy Billing System
[Monday 12 May 2025 05:27:10 PM IST] Exited Pharmacy Billing System
[Monday 12 May 2025 05:44:37 PM IST] Exited Pharmacy Billing System
[Monday 12 May 2025 05:47:39 PM IST] Exited Pharmacy Billing System
[Tuesday 13 May 2025 07:45:25 PM IST] Generated bill with total ₹400
[Tuesday 13 May 2025 07:45:27 PM IST] Exited Pharmacy Billing System
[Wednesday 14 May 2025 08:53:45 PM IST] Viewed only medicine names
[Wednesday 14 May 2025 08:57:32 PM IST] Searched medicine: p
[Wednesday 14 May 2025 08:58:21 PM IST] Viewed low stock medicines
[Wednesday 14 May 2025 08:58:50 PM IST] Checked expiry – expired or expiring soon medicines shown
[Wednesday 14 May 2025 09:04:12 PM IST] Checked expiry – expired or expiring soon medicines shown
[Wednesday 14 May 2025 09:09:49 PM IST] Added medicine: Dolo at ₹ 50 with 12 packets
[Wednesday 14 May 2025 09:12:24 PM IST] Deleted medicine: Omeprazole
[Wednesday 14 May 2025 09:16:20 PM IST] Modified Dolo to DOLO at ₹ 60 with 15 packets
[Wednesday 14 May 2025 09:23:44 PM IST] Generated bill with total ₹390
[Wednesday 14 May 2025 09:24:51 PM IST] Exited Pharmacy Billing System
[Wednesday 14 May 2025 09:59:01 PM IST] Viewed only medicine names
[Wednesday 14 May 2025 09:59:09 PM IST] Searched medicine: p
[Wednesday 14 May 2025 09:59:13 PM IST] Viewed low stock medicines
[Wednesday 14 May 2025 09:59:17 PM IST] Checked expiry – expired or expiring soon medicines shown
[Wednesday 14 May 2025 09:59:34 PM IST] Generated bill with total ₹300
[Wednesday 14 May 2025 09:59:37 PM IST] Exited Pharmacy Billing System
[Thursday 15 May 2025 08:22:50 AM IST] Generated bill with total ₹150
[Thursday 15 May 2025 08:22:53 AM IST] Exited Pharmacy Billing System
[Thursday 15 May 2025 08:43:28 AM IST] Exited Pharmacy Billing System
[Thursday 15 May 2025 09:06:17 AM IST] Exited Pharmacy Billing System
[Thursday 15 May 2025 11:57:30 AM IST] Viewed only medicine names
[Thursday 15 May 2025 11:57:56 AM IST] Searched medicine: P
[Thursday 15 May 2025 11:58:25 AM IST] Viewed low stock medicines
[Thursday 15 May 2025 11:58:53 AM IST] Checked expiry – expired or expiring soon medicines shown
[Thursday 15 May 2025 12:04:12 PM IST] Added medicine: Dolo at ₹ 45 with 8 packets
[Thursday 15 May 2025 12:08:37 PM IST] Generated bill with total ₹690
[Thursday 15 May 2025 12:14:01 PM IST] Exited Pharmacy Billing System
[Monday 23 June 2025 09:14:57 PM IST] Exited Pharmacy Billing System
[Thursday 03 July 2025 10:07:20 PM IST] Exited Pharmacy Billing System
